<?xml version="1.0" encoding="UTF-8"?>
<!-- Generated by org.testng.reporters.JUnitReportReporter -->
<testsuite hostname="DESKTOP-QNMN576" failures="0" tests="2" name="seleniumScripts.seleniumScripts.AmazonPageTest" time="-1661853184.000" errors="1" timestamp="2022-08-30T15:24:34 IST" skipped="1">
  <testcase classname="seleniumScripts.seleniumScripts.AmazonPageTest" name="amazonTest" time="0.000">
    <skipped/>
  </testcase> <!-- amazonTest -->
  <system-out/>
  <testcase classname="seleniumScripts.seleniumScripts.AmazonPageTest" name="setup" time="-1661853184.000">
    <error message="
Parameter &#039;browserName&#039; is required by BeforeSuite on method setup but has not been marked @Optional or defined
in C:\Users\SANJAY YM\eclipse-workspace\seleniumScripts\testng.xml" type="org.testng.TestNGException">
      <![CDATA[org.testng.TestNGException: 
Parameter 'browserName' is required by BeforeSuite on method setup but has not been marked @Optional or defined
in C:\Users\SANJAY YM\eclipse-workspace\seleniumScripts\testng.xml
at org.testng.internal.Parameters.createParams(Parameters.java:270)
at org.testng.internal.Parameters.createParametersForMethod(Parameters.java:358)
at org.testng.internal.Parameters.createParameters(Parameters.java:700)
at org.testng.internal.Parameters.createConfigurationParameters(Parameters.java:168)
at org.testng.internal.ConfigInvoker.invokeConfigurations(ConfigInvoker.java:302)
at org.testng.SuiteRunner.privateRun(SuiteRunner.java:317)
at org.testng.SuiteRunner.run(SuiteRunner.java:276)
at org.testng.SuiteRunnerWorker.runSuite(SuiteRunnerWorker.java:53)
at org.testng.SuiteRunnerWorker.run(SuiteRunnerWorker.java:96)
at org.testng.TestNG.runSuitesSequentially(TestNG.java:1212)
at org.testng.TestNG.runSuitesLocally(TestNG.java:1134)
at org.testng.TestNG.runSuites(TestNG.java:1063)
at org.testng.TestNG.run(TestNG.java:1031)
at org.testng.remote.AbstractRemoteTestNG.run(AbstractRemoteTestNG.java:115)
at org.testng.remote.RemoteTestNG.initAndRun(RemoteTestNG.java:251)
at org.testng.remote.RemoteTestNG.main(RemoteTestNG.java:77)
]]>
    </error>
  </testcase> <!-- setup -->
  <system-out/>
</testsuite> <!-- seleniumScripts.seleniumScripts.AmazonPageTest -->
