<?xml version="1.0" encoding="UTF-8"?>
<!-- Generated by org.testng.reporters.JUnitXMLReporter -->
<testsuite ignored="2" hostname="DESKTOP-QNMN576" failures="0" tests="1" name="Test" time="0.047" errors="0" timestamp="2022-08-30T15:24:34 IST">
  <testcase classname="seleniumScripts.seleniumScripts.BaseClass" name="@BeforeSuite setup" time="-1.661853273891E9">
    <failure type="org.testng.TestNGException" message="
Parameter &amp;apos;browserName&amp;apos; is required by BeforeSuite on method setup but has not been marked @Optional or defined
in C:\Users\SANJAY YM\eclipse-workspace\seleniumScripts\testng.xml">
      <![CDATA[org.testng.TestNGException: 
Parameter 'browserName' is required by BeforeSuite on method setup but has not been marked @Optional or defined
in C:\Users\SANJAY YM\eclipse-workspace\seleniumScripts\testng.xml
... Removed 16 stack frames]]>
    </failure>
  </testcase> <!-- @BeforeSuite setup -->
  <testcase classname="seleniumScripts.seleniumScripts.AmazonPageTest" name="amazonTest" time="0.0">
    <skipped/>
  </testcase> <!-- amazonTest -->
  <testcase classname="seleniumScripts.seleniumScripts.BaseClass" name="@AfterSuite tearDown" time="0.0">
    <ignored/>
  </testcase> <!-- @AfterSuite tearDown -->
  <testcase classname="seleniumScripts.seleniumScripts.BaseClass" name="@BeforeSuite setup" time="0.0">
    <ignored/>
  </testcase> <!-- @BeforeSuite setup -->
</testsuite> <!-- Test -->
